<?xml version="1.0" encoding="UTF-8"?>
<!-- Generated by org.testng.reporters.JUnitXMLReporter -->
<testsuite hostname="Latitude-E6430" ignored="0" name="GitHubTestProject" tests="4" failures="0" timestamp="2021-07-31T22:56:07 CAT" time="58.034" errors="0">
  <testcase name="validateEmailFieldTest" time="9.974" classname="functionaltest.LoginPageTests"/>
  <testcase name="validatePasswordFieldTest" time="1.271" classname="functionaltest.LoginPageTests"/>
  <testcase name="validateSubmitButtonFieldTest" time="0.289" classname="functionaltest.LoginPageTests"/>
  <testcase name="performLoginTests" time="8.435" classname="functionaltest.LoginPageTests"/>
</testsuite> <!-- GitHubTestProject -->
