<?xml version="1.0" encoding="UTF-8"?>
<!-- Generated by org.testng.reporters.JUnitXMLReporter -->
<testsuite hostname="Latitude-E6430" ignored="0" name="GitHubTestProject" tests="6" failures="0" timestamp="2021-08-01T16:56:08 CAT" time="109.323" errors="0">
  <testcase name="validateEmailFieldTest" time="11.893" classname="functionaltest.LoginPageTests"/>
  <testcase name="validatePasswordFieldTest" time="0.081" classname="functionaltest.LoginPageTests"/>
  <testcase name="validateSubmitButtonFieldTest" time="0.077" classname="functionaltest.LoginPageTests"/>
  <testcase name="performLoginTests" time="4.667" classname="functionaltest.LoginPageTests"/>
  <testcase name="validateMenuIcons" time="0.576" classname="functionaltest.HeaderPageTests"/>
  <testcase name="validateheaderText" time="0.309" classname="functionaltest.HeaderPageTests"/>
</testsuite> <!-- GitHubTestProject -->
